2017-03-30 14:10:09 Error: [Cake\Console\Exception\MissingShellException] Shell class for "Servver" could not be found. in /home/odin/biblioteca/vendor/cakephp/cakephp/src/Console/ShellDispatcher.php on line 327
Exception Attributes: array (
  'class' => 'Servver',
)
Stack Trace:
#0 /home/odin/biblioteca/vendor/cakephp/cakephp/src/Console/ShellDispatcher.php(226): Cake\Console\ShellDispatcher->findShell('Servver')
#1 /home/odin/biblioteca/vendor/cakephp/cakephp/src/Console/ShellDispatcher.php(182): Cake\Console\ShellDispatcher->_dispatch(Array)
#2 /home/odin/biblioteca/vendor/cakephp/cakephp/src/Console/ShellDispatcher.php(128): Cake\Console\ShellDispatcher->dispatch(Array)
#3 /home/odin/biblioteca/bin/cake.php(34): Cake\Console\ShellDispatcher::run(Array)
#4 {main}


2017-06-09 20:00:13 Error: [Cake\Database\Exception] SQLSTATE[42S02]: Base table or view not found: 1146 Table 'lib.emprestimo' doesn't exist in /home/alunoifpe/repositorios/biblioteca/vendor/cakephp/cakephp/src/Database/Schema/Collection.php on line 131
Stack Trace:
#0 /home/alunoifpe/repositorios/biblioteca/vendor/cakephp/cakephp/src/Database/Schema/Collection.php(97): Cake\Database\Schema\Collection->_reflect('Column', 'emprestimo', Array, Object(Cake\Database\Schema\TableSchema))
#1 /home/alunoifpe/repositorios/biblioteca/vendor/cakephp/cakephp/src/Database/Schema/CachedCollection.php(63): Cake\Database\Schema\Collection->describe('emprestimo', Array)
#2 /home/alunoifpe/repositorios/biblioteca/vendor/cakephp/cakephp/src/ORM/Table.php(531): Cake\Database\Schema\CachedCollection->describe('emprestimo')
#3 /home/alunoifpe/repositorios/biblioteca/vendor/cakephp/cakephp/src/ORM/Table.php(652): Cake\ORM\Table->getSchema()
#4 /home/alunoifpe/repositorios/biblioteca/vendor/cakephp/bake/src/Shell/Task/ModelTask.php(215): Cake\ORM\Table->getPrimaryKey()
#5 /home/alunoifpe/repositorios/biblioteca/vendor/cakephp/bake/src/Shell/Task/ModelTask.php(127): Bake\Shell\Task\ModelTask->getAssociations(Object(Cake\ORM\Table))
#6 /home/alunoifpe/repositorios/biblioteca/vendor/cakephp/bake/src/Shell/Task/ModelTask.php(110): Bake\Shell\Task\ModelTask->getTableContext(Object(Cake\ORM\Table), 'emprestimo', 'Emprestimo')
#7 /home/alunoifpe/repositorios/biblioteca/vendor/cakephp/bake/src/Shell/Task/ModelTask.php(97): Bake\Shell\Task\ModelTask->bake('Emprestimo')
#8 /home/alunoifpe/repositorios/biblioteca/vendor/cakephp/bake/src/Shell/BakeShell.php(260): Bake\Shell\Task\ModelTask->main('Emprestimo')
#9 /home/alunoifpe/repositorios/biblioteca/vendor/cakephp/cakephp/src/Collection/CollectionTrait.php(51): Bake\Shell\BakeShell->Bake\Shell\{closure}('Emprestimo', 0)
#10 /home/alunoifpe/repositorios/biblioteca/vendor/cakephp/bake/src/Shell/BakeShell.php(263): Cake\Collection\Collection->each(Object(Closure))
#11 /home/alunoifpe/repositorios/biblioteca/vendor/cakephp/cakephp/src/Console/Shell.php(458): Bake\Shell\BakeShell->all('emprestimo')
#12 /home/alunoifpe/repositorios/biblioteca/vendor/cakephp/cakephp/src/Console/ShellDispatcher.php(230): Cake\Console\Shell->runCommand(Array, true, Array)
#13 /home/alunoifpe/repositorios/biblioteca/vendor/cakephp/cakephp/src/Console/ShellDispatcher.php(182): Cake\Console\ShellDispatcher->_dispatch(Array)
#14 /home/alunoifpe/repositorios/biblioteca/vendor/cakephp/cakephp/src/Console/ShellDispatcher.php(128): Cake\Console\ShellDispatcher->dispatch(Array)
#15 /home/alunoifpe/repositorios/biblioteca/bin/cake.php(34): Cake\Console\ShellDispatcher::run(Array)
#16 {main}


