2017-03-30 14:10:31 Warning: DebugKit not enabled. You need to either install pdo_sqlite, or define the "debug_kit" connection name.
2017-03-30 14:11:08 Warning: DebugKit not enabled. You need to either install pdo_sqlite, or define the "debug_kit" connection name.
2017-03-30 14:12:13 Warning: DebugKit not enabled. You need to either install pdo_sqlite, or define the "debug_kit" connection name.
2017-03-30 14:12:14 Warning: DebugKit not enabled. You need to either install pdo_sqlite, or define the "debug_kit" connection name.
2017-03-30 14:12:17 Warning: DebugKit not enabled. You need to either install pdo_sqlite, or define the "debug_kit" connection name.
2017-03-30 14:12:25 Warning: DebugKit not enabled. You need to either install pdo_sqlite, or define the "debug_kit" connection name.
2017-03-30 14:12:39 Warning: DebugKit not enabled. You need to either install pdo_sqlite, or define the "debug_kit" connection name.
2017-03-30 14:12:42 Warning: DebugKit not enabled. You need to either install pdo_sqlite, or define the "debug_kit" connection name.
2017-03-30 14:13:08 Warning: DebugKit not enabled. You need to either install pdo_sqlite, or define the "debug_kit" connection name.
2017-03-30 14:13:24 Warning: DebugKit not enabled. You need to either install pdo_sqlite, or define the "debug_kit" connection name.
2017-03-30 14:24:25 Warning: DebugKit not enabled. You need to either install pdo_sqlite, or define the "debug_kit" connection name.
2017-03-30 14:24:28 Warning: DebugKit not enabled. You need to either install pdo_sqlite, or define the "debug_kit" connection name.
2017-03-30 14:25:25 Warning: DebugKit not enabled. You need to either install pdo_sqlite, or define the "debug_kit" connection name.
2017-03-30 14:25:27 Warning: DebugKit not enabled. You need to either install pdo_sqlite, or define the "debug_kit" connection name.
2017-03-30 14:25:37 Warning: DebugKit not enabled. You need to either install pdo_sqlite, or define the "debug_kit" connection name.
2017-03-30 14:29:22 Warning: DebugKit not enabled. You need to either install pdo_sqlite, or define the "debug_kit" connection name.
2017-03-30 14:30:03 Warning: DebugKit not enabled. You need to either install pdo_sqlite, or define the "debug_kit" connection name.
2017-03-30 14:30:03 Error: [InvalidArgumentException] Unknown type ""
Request URL: /livros/add
Referer URL: http://localhost:8765/livros/add
Stack Trace:
#0 /home/odin/biblioteca/vendor/cakephp/cakephp/src/ORM/Table.php(1953): Cake\Database\Type::build(NULL)
#1 /home/odin/biblioteca/vendor/cakephp/cakephp/src/ORM/Table.php(1885): Cake\ORM\Table->_newId(Array)
#2 /home/odin/biblioteca/vendor/cakephp/cakephp/src/ORM/Table.php(1810): Cake\ORM\Table->_insert(Object(App\Model\Entity\Livro), Array)
#3 /home/odin/biblioteca/vendor/cakephp/cakephp/src/ORM/Table.php(1723): Cake\ORM\Table->_processSave(Object(App\Model\Entity\Livro), Object(ArrayObject))
#4 /home/odin/biblioteca/vendor/cakephp/cakephp/src/ORM/Table.php(1446): Cake\ORM\Table->Cake\ORM\{closure}()
#5 /home/odin/biblioteca/vendor/cakephp/cakephp/src/Database/Connection.php(680): Cake\ORM\Table->Cake\ORM\{closure}(Object(Cake\Database\Connection))
#6 /home/odin/biblioteca/vendor/cakephp/cakephp/src/ORM/Table.php(1447): Cake\Database\Connection->transactional(Object(Closure))
#7 /home/odin/biblioteca/vendor/cakephp/cakephp/src/ORM/Table.php(1724): Cake\ORM\Table->_executeTransaction(Object(Closure), true)
#8 /home/odin/biblioteca/src/Controller/LivrosController.php(54): Cake\ORM\Table->save(Object(App\Model\Entity\Livro))
#9 /home/odin/biblioteca/vendor/cakephp/cakephp/src/Controller/Controller.php(440): App\Controller\LivrosController->add()
#10 /home/odin/biblioteca/vendor/cakephp/cakephp/src/Http/ActionDispatcher.php(119): Cake\Controller\Controller->invokeAction()
#11 /home/odin/biblioteca/vendor/cakephp/cakephp/src/Http/ActionDispatcher.php(93): Cake\Http\ActionDispatcher->_invoke(Object(App\Controller\LivrosController))
#12 /home/odin/biblioteca/vendor/cakephp/cakephp/src/Http/BaseApplication.php(78): Cake\Http\ActionDispatcher->dispatch(Object(Cake\Http\ServerRequest), Object(Cake\Http\Response))
#13 /home/odin/biblioteca/vendor/cakephp/cakephp/src/Http/Runner.php(65): Cake\Http\BaseApplication->__invoke(Object(Cake\Http\ServerRequest), Object(Cake\Http\Response), Object(Cake\Http\Runner))
#14 /home/odin/biblioteca/vendor/cakephp/cakephp/src/Routing/Middleware/RoutingMiddleware.php(59): Cake\Http\Runner->__invoke(Object(Cake\Http\ServerRequest), Object(Cake\Http\Response))
#15 /home/odin/biblioteca/vendor/cakephp/cakephp/src/Http/Runner.php(65): Cake\Routing\Middleware\RoutingMiddleware->__invoke(Object(Cake\Http\ServerRequest), Object(Cake\Http\Response), Object(Cake\Http\Runner))
#16 /home/odin/biblioteca/vendor/cakephp/cakephp/src/Routing/Middleware/AssetMiddleware.php(88): Cake\Http\Runner->__invoke(Object(Cake\Http\ServerRequest), Object(Cake\Http\Response))
#17 /home/odin/biblioteca/vendor/cakephp/cakephp/src/Http/Runner.php(65): Cake\Routing\Middleware\AssetMiddleware->__invoke(Object(Cake\Http\ServerRequest), Object(Cake\Http\Response), Object(Cake\Http\Runner))
#18 /home/odin/biblioteca/vendor/cakephp/cakephp/src/Error/Middleware/ErrorHandlerMiddleware.php(92): Cake\Http\Runner->__invoke(Object(Cake\Http\ServerRequest), Object(Cake\Http\Response))
#19 /home/odin/biblioteca/vendor/cakephp/cakephp/src/Http/Runner.php(65): Cake\Error\Middleware\ErrorHandlerMiddleware->__invoke(Object(Cake\Http\ServerRequest), Object(Cake\Http\Response), Object(Cake\Http\Runner))
#20 /home/odin/biblioteca/vendor/cakephp/cakephp/src/Http/Runner.php(51): Cake\Http\Runner->__invoke(Object(Cake\Http\ServerRequest), Object(Cake\Http\Response))
#21 /home/odin/biblioteca/vendor/cakephp/cakephp/src/Http/Server.php(80): Cake\Http\Runner->run(Object(Cake\Http\MiddlewareQueue), Object(Cake\Http\ServerRequest), Object(Cake\Http\Response))
#22 /home/odin/biblioteca/webroot/index.php(37): Cake\Http\Server->run()
#23 {main}


2017-03-30 14:30:52 Warning: DebugKit not enabled. You need to either install pdo_sqlite, or define the "debug_kit" connection name.
2017-03-30 14:31:18 Warning: DebugKit not enabled. You need to either install pdo_sqlite, or define the "debug_kit" connection name.
2017-03-30 14:31:18 Error: [InvalidArgumentException] Unknown type ""
Request URL: /livros/add
Referer URL: http://localhost:8765/livros/add
Stack Trace:
#0 /home/odin/biblioteca/vendor/cakephp/cakephp/src/ORM/Table.php(1953): Cake\Database\Type::build(NULL)
#1 /home/odin/biblioteca/vendor/cakephp/cakephp/src/ORM/Table.php(1885): Cake\ORM\Table->_newId(Array)
#2 /home/odin/biblioteca/vendor/cakephp/cakephp/src/ORM/Table.php(1810): Cake\ORM\Table->_insert(Object(App\Model\Entity\Livro), Array)
#3 /home/odin/biblioteca/vendor/cakephp/cakephp/src/ORM/Table.php(1723): Cake\ORM\Table->_processSave(Object(App\Model\Entity\Livro), Object(ArrayObject))
#4 /home/odin/biblioteca/vendor/cakephp/cakephp/src/ORM/Table.php(1446): Cake\ORM\Table->Cake\ORM\{closure}()
#5 /home/odin/biblioteca/vendor/cakephp/cakephp/src/Database/Connection.php(680): Cake\ORM\Table->Cake\ORM\{closure}(Object(Cake\Database\Connection))
#6 /home/odin/biblioteca/vendor/cakephp/cakephp/src/ORM/Table.php(1447): Cake\Database\Connection->transactional(Object(Closure))
#7 /home/odin/biblioteca/vendor/cakephp/cakephp/src/ORM/Table.php(1724): Cake\ORM\Table->_executeTransaction(Object(Closure), true)
#8 /home/odin/biblioteca/src/Controller/LivrosController.php(54): Cake\ORM\Table->save(Object(App\Model\Entity\Livro))
#9 /home/odin/biblioteca/vendor/cakephp/cakephp/src/Controller/Controller.php(440): App\Controller\LivrosController->add()
#10 /home/odin/biblioteca/vendor/cakephp/cakephp/src/Http/ActionDispatcher.php(119): Cake\Controller\Controller->invokeAction()
#11 /home/odin/biblioteca/vendor/cakephp/cakephp/src/Http/ActionDispatcher.php(93): Cake\Http\ActionDispatcher->_invoke(Object(App\Controller\LivrosController))
#12 /home/odin/biblioteca/vendor/cakephp/cakephp/src/Http/BaseApplication.php(78): Cake\Http\ActionDispatcher->dispatch(Object(Cake\Http\ServerRequest), Object(Cake\Http\Response))
#13 /home/odin/biblioteca/vendor/cakephp/cakephp/src/Http/Runner.php(65): Cake\Http\BaseApplication->__invoke(Object(Cake\Http\ServerRequest), Object(Cake\Http\Response), Object(Cake\Http\Runner))
#14 /home/odin/biblioteca/vendor/cakephp/cakephp/src/Routing/Middleware/RoutingMiddleware.php(59): Cake\Http\Runner->__invoke(Object(Cake\Http\ServerRequest), Object(Cake\Http\Response))
#15 /home/odin/biblioteca/vendor/cakephp/cakephp/src/Http/Runner.php(65): Cake\Routing\Middleware\RoutingMiddleware->__invoke(Object(Cake\Http\ServerRequest), Object(Cake\Http\Response), Object(Cake\Http\Runner))
#16 /home/odin/biblioteca/vendor/cakephp/cakephp/src/Routing/Middleware/AssetMiddleware.php(88): Cake\Http\Runner->__invoke(Object(Cake\Http\ServerRequest), Object(Cake\Http\Response))
#17 /home/odin/biblioteca/vendor/cakephp/cakephp/src/Http/Runner.php(65): Cake\Routing\Middleware\AssetMiddleware->__invoke(Object(Cake\Http\ServerRequest), Object(Cake\Http\Response), Object(Cake\Http\Runner))
#18 /home/odin/biblioteca/vendor/cakephp/cakephp/src/Error/Middleware/ErrorHandlerMiddleware.php(92): Cake\Http\Runner->__invoke(Object(Cake\Http\ServerRequest), Object(Cake\Http\Response))
#19 /home/odin/biblioteca/vendor/cakephp/cakephp/src/Http/Runner.php(65): Cake\Error\Middleware\ErrorHandlerMiddleware->__invoke(Object(Cake\Http\ServerRequest), Object(Cake\Http\Response), Object(Cake\Http\Runner))
#20 /home/odin/biblioteca/vendor/cakephp/cakephp/src/Http/Runner.php(51): Cake\Http\Runner->__invoke(Object(Cake\Http\ServerRequest), Object(Cake\Http\Response))
#21 /home/odin/biblioteca/vendor/cakephp/cakephp/src/Http/Server.php(80): Cake\Http\Runner->run(Object(Cake\Http\MiddlewareQueue), Object(Cake\Http\ServerRequest), Object(Cake\Http\Response))
#22 /home/odin/biblioteca/webroot/index.php(37): Cake\Http\Server->run()
#23 {main}


2017-03-30 14:32:18 Warning: DebugKit not enabled. You need to either install pdo_sqlite, or define the "debug_kit" connection name.
2017-03-30 14:32:34 Warning: DebugKit not enabled. You need to either install pdo_sqlite, or define the "debug_kit" connection name.
2017-03-30 14:32:34 Error: [InvalidArgumentException] Unknown type ""
Request URL: /livros/add
Referer URL: http://localhost:8765/livros/add
Stack Trace:
#0 /home/odin/biblioteca/vendor/cakephp/cakephp/src/ORM/Table.php(1953): Cake\Database\Type::build(NULL)
#1 /home/odin/biblioteca/vendor/cakephp/cakephp/src/ORM/Table.php(1885): Cake\ORM\Table->_newId(Array)
#2 /home/odin/biblioteca/vendor/cakephp/cakephp/src/ORM/Table.php(1810): Cake\ORM\Table->_insert(Object(App\Model\Entity\Livro), Array)
#3 /home/odin/biblioteca/vendor/cakephp/cakephp/src/ORM/Table.php(1723): Cake\ORM\Table->_processSave(Object(App\Model\Entity\Livro), Object(ArrayObject))
#4 /home/odin/biblioteca/vendor/cakephp/cakephp/src/ORM/Table.php(1446): Cake\ORM\Table->Cake\ORM\{closure}()
#5 /home/odin/biblioteca/vendor/cakephp/cakephp/src/Database/Connection.php(680): Cake\ORM\Table->Cake\ORM\{closure}(Object(Cake\Database\Connection))
#6 /home/odin/biblioteca/vendor/cakephp/cakephp/src/ORM/Table.php(1447): Cake\Database\Connection->transactional(Object(Closure))
#7 /home/odin/biblioteca/vendor/cakephp/cakephp/src/ORM/Table.php(1724): Cake\ORM\Table->_executeTransaction(Object(Closure), true)
#8 /home/odin/biblioteca/src/Controller/LivrosController.php(54): Cake\ORM\Table->save(Object(App\Model\Entity\Livro))
#9 /home/odin/biblioteca/vendor/cakephp/cakephp/src/Controller/Controller.php(440): App\Controller\LivrosController->add()
#10 /home/odin/biblioteca/vendor/cakephp/cakephp/src/Http/ActionDispatcher.php(119): Cake\Controller\Controller->invokeAction()
#11 /home/odin/biblioteca/vendor/cakephp/cakephp/src/Http/ActionDispatcher.php(93): Cake\Http\ActionDispatcher->_invoke(Object(App\Controller\LivrosController))
#12 /home/odin/biblioteca/vendor/cakephp/cakephp/src/Http/BaseApplication.php(78): Cake\Http\ActionDispatcher->dispatch(Object(Cake\Http\ServerRequest), Object(Cake\Http\Response))
#13 /home/odin/biblioteca/vendor/cakephp/cakephp/src/Http/Runner.php(65): Cake\Http\BaseApplication->__invoke(Object(Cake\Http\ServerRequest), Object(Cake\Http\Response), Object(Cake\Http\Runner))
#14 /home/odin/biblioteca/vendor/cakephp/cakephp/src/Routing/Middleware/RoutingMiddleware.php(59): Cake\Http\Runner->__invoke(Object(Cake\Http\ServerRequest), Object(Cake\Http\Response))
#15 /home/odin/biblioteca/vendor/cakephp/cakephp/src/Http/Runner.php(65): Cake\Routing\Middleware\RoutingMiddleware->__invoke(Object(Cake\Http\ServerRequest), Object(Cake\Http\Response), Object(Cake\Http\Runner))
#16 /home/odin/biblioteca/vendor/cakephp/cakephp/src/Routing/Middleware/AssetMiddleware.php(88): Cake\Http\Runner->__invoke(Object(Cake\Http\ServerRequest), Object(Cake\Http\Response))
#17 /home/odin/biblioteca/vendor/cakephp/cakephp/src/Http/Runner.php(65): Cake\Routing\Middleware\AssetMiddleware->__invoke(Object(Cake\Http\ServerRequest), Object(Cake\Http\Response), Object(Cake\Http\Runner))
#18 /home/odin/biblioteca/vendor/cakephp/cakephp/src/Error/Middleware/ErrorHandlerMiddleware.php(92): Cake\Http\Runner->__invoke(Object(Cake\Http\ServerRequest), Object(Cake\Http\Response))
#19 /home/odin/biblioteca/vendor/cakephp/cakephp/src/Http/Runner.php(65): Cake\Error\Middleware\ErrorHandlerMiddleware->__invoke(Object(Cake\Http\ServerRequest), Object(Cake\Http\Response), Object(Cake\Http\Runner))
#20 /home/odin/biblioteca/vendor/cakephp/cakephp/src/Http/Runner.php(51): Cake\Http\Runner->__invoke(Object(Cake\Http\ServerRequest), Object(Cake\Http\Response))
#21 /home/odin/biblioteca/vendor/cakephp/cakephp/src/Http/Server.php(80): Cake\Http\Runner->run(Object(Cake\Http\MiddlewareQueue), Object(Cake\Http\ServerRequest), Object(Cake\Http\Response))
#22 /home/odin/biblioteca/webroot/index.php(37): Cake\Http\Server->run()
#23 {main}


2017-03-30 14:34:33 Warning: DebugKit not enabled. You need to either install pdo_sqlite, or define the "debug_kit" connection name.
2017-03-30 14:34:57 Warning: DebugKit not enabled. You need to either install pdo_sqlite, or define the "debug_kit" connection name.
2017-03-30 14:34:57 Warning: DebugKit not enabled. You need to either install pdo_sqlite, or define the "debug_kit" connection name.
2017-03-30 14:36:10 Warning: DebugKit not enabled. You need to either install pdo_sqlite, or define the "debug_kit" connection name.
2017-03-30 14:36:13 Warning: DebugKit not enabled. You need to either install pdo_sqlite, or define the "debug_kit" connection name.
2017-03-30 14:36:41 Warning: DebugKit not enabled. You need to either install pdo_sqlite, or define the "debug_kit" connection name.
2017-03-30 14:36:41 Warning: DebugKit not enabled. You need to either install pdo_sqlite, or define the "debug_kit" connection name.
2017-03-30 14:37:24 Warning: DebugKit not enabled. You need to either install pdo_sqlite, or define the "debug_kit" connection name.
2017-03-30 14:37:26 Warning: DebugKit not enabled. You need to either install pdo_sqlite, or define the "debug_kit" connection name.
2017-03-30 14:37:57 Warning: DebugKit not enabled. You need to either install pdo_sqlite, or define the "debug_kit" connection name.
2017-03-30 14:37:57 Warning: DebugKit not enabled. You need to either install pdo_sqlite, or define the "debug_kit" connection name.
2017-03-30 14:38:01 Warning: DebugKit not enabled. You need to either install pdo_sqlite, or define the "debug_kit" connection name.
2017-03-30 14:38:21 Warning: DebugKit not enabled. You need to either install pdo_sqlite, or define the "debug_kit" connection name.
2017-03-30 14:38:21 Error: [PDOException] SQLSTATE[23000]: Integrity constraint violation: 1062 Duplicate entry '0' for key 'PRIMARY'
Request URL: /livros/add
Referer URL: http://localhost:8765/livros/add
Stack Trace:
#0 /home/odin/biblioteca/vendor/cakephp/cakephp/src/Database/Statement/MysqlStatement.php(39): PDOStatement->execute(NULL)
#1 /home/odin/biblioteca/vendor/cakephp/cakephp/src/Database/Connection.php(313): Cake\Database\Statement\MysqlStatement->execute()
#2 /home/odin/biblioteca/vendor/cakephp/cakephp/src/Database/Query.php(213): Cake\Database\Connection->run(Object(Cake\ORM\Query))
#3 /home/odin/biblioteca/vendor/cakephp/cakephp/src/ORM/Table.php(1916): Cake\Database\Query->execute()
#4 /home/odin/biblioteca/vendor/cakephp/cakephp/src/ORM/Table.php(1810): Cake\ORM\Table->_insert(Object(App\Model\Entity\Livro), Array)
#5 /home/odin/biblioteca/vendor/cakephp/cakephp/src/ORM/Table.php(1723): Cake\ORM\Table->_processSave(Object(App\Model\Entity\Livro), Object(ArrayObject))
#6 /home/odin/biblioteca/vendor/cakephp/cakephp/src/ORM/Table.php(1446): Cake\ORM\Table->Cake\ORM\{closure}()
#7 /home/odin/biblioteca/vendor/cakephp/cakephp/src/Database/Connection.php(680): Cake\ORM\Table->Cake\ORM\{closure}(Object(Cake\Database\Connection))
#8 /home/odin/biblioteca/vendor/cakephp/cakephp/src/ORM/Table.php(1447): Cake\Database\Connection->transactional(Object(Closure))
#9 /home/odin/biblioteca/vendor/cakephp/cakephp/src/ORM/Table.php(1724): Cake\ORM\Table->_executeTransaction(Object(Closure), true)
#10 /home/odin/biblioteca/src/Controller/LivrosController.php(54): Cake\ORM\Table->save(Object(App\Model\Entity\Livro))
#11 /home/odin/biblioteca/vendor/cakephp/cakephp/src/Controller/Controller.php(440): App\Controller\LivrosController->add()
#12 /home/odin/biblioteca/vendor/cakephp/cakephp/src/Http/ActionDispatcher.php(119): Cake\Controller\Controller->invokeAction()
#13 /home/odin/biblioteca/vendor/cakephp/cakephp/src/Http/ActionDispatcher.php(93): Cake\Http\ActionDispatcher->_invoke(Object(App\Controller\LivrosController))
#14 /home/odin/biblioteca/vendor/cakephp/cakephp/src/Http/BaseApplication.php(78): Cake\Http\ActionDispatcher->dispatch(Object(Cake\Http\ServerRequest), Object(Cake\Http\Response))
#15 /home/odin/biblioteca/vendor/cakephp/cakephp/src/Http/Runner.php(65): Cake\Http\BaseApplication->__invoke(Object(Cake\Http\ServerRequest), Object(Cake\Http\Response), Object(Cake\Http\Runner))
#16 /home/odin/biblioteca/vendor/cakephp/cakephp/src/Routing/Middleware/RoutingMiddleware.php(59): Cake\Http\Runner->__invoke(Object(Cake\Http\ServerRequest), Object(Cake\Http\Response))
#17 /home/odin/biblioteca/vendor/cakephp/cakephp/src/Http/Runner.php(65): Cake\Routing\Middleware\RoutingMiddleware->__invoke(Object(Cake\Http\ServerRequest), Object(Cake\Http\Response), Object(Cake\Http\Runner))
#18 /home/odin/biblioteca/vendor/cakephp/cakephp/src/Routing/Middleware/AssetMiddleware.php(88): Cake\Http\Runner->__invoke(Object(Cake\Http\ServerRequest), Object(Cake\Http\Response))
#19 /home/odin/biblioteca/vendor/cakephp/cakephp/src/Http/Runner.php(65): Cake\Routing\Middleware\AssetMiddleware->__invoke(Object(Cake\Http\ServerRequest), Object(Cake\Http\Response), Object(Cake\Http\Runner))
#20 /home/odin/biblioteca/vendor/cakephp/cakephp/src/Error/Middleware/ErrorHandlerMiddleware.php(92): Cake\Http\Runner->__invoke(Object(Cake\Http\ServerRequest), Object(Cake\Http\Response))
#21 /home/odin/biblioteca/vendor/cakephp/cakephp/src/Http/Runner.php(65): Cake\Error\Middleware\ErrorHandlerMiddleware->__invoke(Object(Cake\Http\ServerRequest), Object(Cake\Http\Response), Object(Cake\Http\Runner))
#22 /home/odin/biblioteca/vendor/cakephp/cakephp/src/Http/Runner.php(51): Cake\Http\Runner->__invoke(Object(Cake\Http\ServerRequest), Object(Cake\Http\Response))
#23 /home/odin/biblioteca/vendor/cakephp/cakephp/src/Http/Server.php(80): Cake\Http\Runner->run(Object(Cake\Http\MiddlewareQueue), Object(Cake\Http\ServerRequest), Object(Cake\Http\Response))
#24 /home/odin/biblioteca/webroot/index.php(37): Cake\Http\Server->run()
#25 {main}


2017-03-30 14:40:14 Warning: DebugKit not enabled. You need to either install pdo_sqlite, or define the "debug_kit" connection name.
2017-03-30 14:40:40 Warning: DebugKit not enabled. You need to either install pdo_sqlite, or define the "debug_kit" connection name.
2017-03-30 14:40:40 Error: [PDOException] SQLSTATE[23000]: Integrity constraint violation: 1062 Duplicate entry '0' for key 'PRIMARY'
Request URL: /livros/add
Referer URL: http://localhost:8765/livros/add
Stack Trace:
#0 /home/odin/biblioteca/vendor/cakephp/cakephp/src/Database/Statement/MysqlStatement.php(39): PDOStatement->execute(NULL)
#1 /home/odin/biblioteca/vendor/cakephp/cakephp/src/Database/Connection.php(313): Cake\Database\Statement\MysqlStatement->execute()
#2 /home/odin/biblioteca/vendor/cakephp/cakephp/src/Database/Query.php(213): Cake\Database\Connection->run(Object(Cake\ORM\Query))
#3 /home/odin/biblioteca/vendor/cakephp/cakephp/src/ORM/Table.php(1916): Cake\Database\Query->execute()
#4 /home/odin/biblioteca/vendor/cakephp/cakephp/src/ORM/Table.php(1810): Cake\ORM\Table->_insert(Object(App\Model\Entity\Livro), Array)
#5 /home/odin/biblioteca/vendor/cakephp/cakephp/src/ORM/Table.php(1723): Cake\ORM\Table->_processSave(Object(App\Model\Entity\Livro), Object(ArrayObject))
#6 /home/odin/biblioteca/vendor/cakephp/cakephp/src/ORM/Table.php(1446): Cake\ORM\Table->Cake\ORM\{closure}()
#7 /home/odin/biblioteca/vendor/cakephp/cakephp/src/Database/Connection.php(680): Cake\ORM\Table->Cake\ORM\{closure}(Object(Cake\Database\Connection))
#8 /home/odin/biblioteca/vendor/cakephp/cakephp/src/ORM/Table.php(1447): Cake\Database\Connection->transactional(Object(Closure))
#9 /home/odin/biblioteca/vendor/cakephp/cakephp/src/ORM/Table.php(1724): Cake\ORM\Table->_executeTransaction(Object(Closure), true)
#10 /home/odin/biblioteca/src/Controller/LivrosController.php(54): Cake\ORM\Table->save(Object(App\Model\Entity\Livro))
#11 /home/odin/biblioteca/vendor/cakephp/cakephp/src/Controller/Controller.php(440): App\Controller\LivrosController->add()
#12 /home/odin/biblioteca/vendor/cakephp/cakephp/src/Http/ActionDispatcher.php(119): Cake\Controller\Controller->invokeAction()
#13 /home/odin/biblioteca/vendor/cakephp/cakephp/src/Http/ActionDispatcher.php(93): Cake\Http\ActionDispatcher->_invoke(Object(App\Controller\LivrosController))
#14 /home/odin/biblioteca/vendor/cakephp/cakephp/src/Http/BaseApplication.php(78): Cake\Http\ActionDispatcher->dispatch(Object(Cake\Http\ServerRequest), Object(Cake\Http\Response))
#15 /home/odin/biblioteca/vendor/cakephp/cakephp/src/Http/Runner.php(65): Cake\Http\BaseApplication->__invoke(Object(Cake\Http\ServerRequest), Object(Cake\Http\Response), Object(Cake\Http\Runner))
#16 /home/odin/biblioteca/vendor/cakephp/cakephp/src/Routing/Middleware/RoutingMiddleware.php(59): Cake\Http\Runner->__invoke(Object(Cake\Http\ServerRequest), Object(Cake\Http\Response))
#17 /home/odin/biblioteca/vendor/cakephp/cakephp/src/Http/Runner.php(65): Cake\Routing\Middleware\RoutingMiddleware->__invoke(Object(Cake\Http\ServerRequest), Object(Cake\Http\Response), Object(Cake\Http\Runner))
#18 /home/odin/biblioteca/vendor/cakephp/cakephp/src/Routing/Middleware/AssetMiddleware.php(88): Cake\Http\Runner->__invoke(Object(Cake\Http\ServerRequest), Object(Cake\Http\Response))
#19 /home/odin/biblioteca/vendor/cakephp/cakephp/src/Http/Runner.php(65): Cake\Routing\Middleware\AssetMiddleware->__invoke(Object(Cake\Http\ServerRequest), Object(Cake\Http\Response), Object(Cake\Http\Runner))
#20 /home/odin/biblioteca/vendor/cakephp/cakephp/src/Error/Middleware/ErrorHandlerMiddleware.php(92): Cake\Http\Runner->__invoke(Object(Cake\Http\ServerRequest), Object(Cake\Http\Response))
#21 /home/odin/biblioteca/vendor/cakephp/cakephp/src/Http/Runner.php(65): Cake\Error\Middleware\ErrorHandlerMiddleware->__invoke(Object(Cake\Http\ServerRequest), Object(Cake\Http\Response), Object(Cake\Http\Runner))
#22 /home/odin/biblioteca/vendor/cakephp/cakephp/src/Http/Runner.php(51): Cake\Http\Runner->__invoke(Object(Cake\Http\ServerRequest), Object(Cake\Http\Response))
#23 /home/odin/biblioteca/vendor/cakephp/cakephp/src/Http/Server.php(80): Cake\Http\Runner->run(Object(Cake\Http\MiddlewareQueue), Object(Cake\Http\ServerRequest), Object(Cake\Http\Response))
#24 /home/odin/biblioteca/webroot/index.php(37): Cake\Http\Server->run()
#25 {main}


2017-03-30 14:41:51 Warning: DebugKit not enabled. You need to either install pdo_sqlite, or define the "debug_kit" connection name.
2017-03-30 14:41:54 Warning: DebugKit not enabled. You need to either install pdo_sqlite, or define the "debug_kit" connection name.
2017-03-30 14:41:56 Warning: DebugKit not enabled. You need to either install pdo_sqlite, or define the "debug_kit" connection name.
2017-03-30 14:42:10 Warning: DebugKit not enabled. You need to either install pdo_sqlite, or define the "debug_kit" connection name.
2017-03-30 14:42:10 Warning: DebugKit not enabled. You need to either install pdo_sqlite, or define the "debug_kit" connection name.
2017-03-30 14:42:13 Warning: DebugKit not enabled. You need to either install pdo_sqlite, or define the "debug_kit" connection name.
2017-03-30 14:42:27 Warning: DebugKit not enabled. You need to either install pdo_sqlite, or define the "debug_kit" connection name.
2017-03-30 14:42:27 Error: [PDOException] SQLSTATE[23000]: Integrity constraint violation: 1062 Duplicate entry '0' for key 'PRIMARY'
Request URL: /livros/add
Referer URL: http://localhost:8765/livros/add
Stack Trace:
#0 /home/odin/biblioteca/vendor/cakephp/cakephp/src/Database/Statement/MysqlStatement.php(39): PDOStatement->execute(NULL)
#1 /home/odin/biblioteca/vendor/cakephp/cakephp/src/Database/Connection.php(313): Cake\Database\Statement\MysqlStatement->execute()
#2 /home/odin/biblioteca/vendor/cakephp/cakephp/src/Database/Query.php(213): Cake\Database\Connection->run(Object(Cake\ORM\Query))
#3 /home/odin/biblioteca/vendor/cakephp/cakephp/src/ORM/Table.php(1916): Cake\Database\Query->execute()
#4 /home/odin/biblioteca/vendor/cakephp/cakephp/src/ORM/Table.php(1810): Cake\ORM\Table->_insert(Object(App\Model\Entity\Livro), Array)
#5 /home/odin/biblioteca/vendor/cakephp/cakephp/src/ORM/Table.php(1723): Cake\ORM\Table->_processSave(Object(App\Model\Entity\Livro), Object(ArrayObject))
#6 /home/odin/biblioteca/vendor/cakephp/cakephp/src/ORM/Table.php(1446): Cake\ORM\Table->Cake\ORM\{closure}()
#7 /home/odin/biblioteca/vendor/cakephp/cakephp/src/Database/Connection.php(680): Cake\ORM\Table->Cake\ORM\{closure}(Object(Cake\Database\Connection))
#8 /home/odin/biblioteca/vendor/cakephp/cakephp/src/ORM/Table.php(1447): Cake\Database\Connection->transactional(Object(Closure))
#9 /home/odin/biblioteca/vendor/cakephp/cakephp/src/ORM/Table.php(1724): Cake\ORM\Table->_executeTransaction(Object(Closure), true)
#10 /home/odin/biblioteca/src/Controller/LivrosController.php(54): Cake\ORM\Table->save(Object(App\Model\Entity\Livro))
#11 /home/odin/biblioteca/vendor/cakephp/cakephp/src/Controller/Controller.php(440): App\Controller\LivrosController->add()
#12 /home/odin/biblioteca/vendor/cakephp/cakephp/src/Http/ActionDispatcher.php(119): Cake\Controller\Controller->invokeAction()
#13 /home/odin/biblioteca/vendor/cakephp/cakephp/src/Http/ActionDispatcher.php(93): Cake\Http\ActionDispatcher->_invoke(Object(App\Controller\LivrosController))
#14 /home/odin/biblioteca/vendor/cakephp/cakephp/src/Http/BaseApplication.php(78): Cake\Http\ActionDispatcher->dispatch(Object(Cake\Http\ServerRequest), Object(Cake\Http\Response))
#15 /home/odin/biblioteca/vendor/cakephp/cakephp/src/Http/Runner.php(65): Cake\Http\BaseApplication->__invoke(Object(Cake\Http\ServerRequest), Object(Cake\Http\Response), Object(Cake\Http\Runner))
#16 /home/odin/biblioteca/vendor/cakephp/cakephp/src/Routing/Middleware/RoutingMiddleware.php(59): Cake\Http\Runner->__invoke(Object(Cake\Http\ServerRequest), Object(Cake\Http\Response))
#17 /home/odin/biblioteca/vendor/cakephp/cakephp/src/Http/Runner.php(65): Cake\Routing\Middleware\RoutingMiddleware->__invoke(Object(Cake\Http\ServerRequest), Object(Cake\Http\Response), Object(Cake\Http\Runner))
#18 /home/odin/biblioteca/vendor/cakephp/cakephp/src/Routing/Middleware/AssetMiddleware.php(88): Cake\Http\Runner->__invoke(Object(Cake\Http\ServerRequest), Object(Cake\Http\Response))
#19 /home/odin/biblioteca/vendor/cakephp/cakephp/src/Http/Runner.php(65): Cake\Routing\Middleware\AssetMiddleware->__invoke(Object(Cake\Http\ServerRequest), Object(Cake\Http\Response), Object(Cake\Http\Runner))
#20 /home/odin/biblioteca/vendor/cakephp/cakephp/src/Error/Middleware/ErrorHandlerMiddleware.php(92): Cake\Http\Runner->__invoke(Object(Cake\Http\ServerRequest), Object(Cake\Http\Response))
#21 /home/odin/biblioteca/vendor/cakephp/cakephp/src/Http/Runner.php(65): Cake\Error\Middleware\ErrorHandlerMiddleware->__invoke(Object(Cake\Http\ServerRequest), Object(Cake\Http\Response), Object(Cake\Http\Runner))
#22 /home/odin/biblioteca/vendor/cakephp/cakephp/src/Http/Runner.php(51): Cake\Http\Runner->__invoke(Object(Cake\Http\ServerRequest), Object(Cake\Http\Response))
#23 /home/odin/biblioteca/vendor/cakephp/cakephp/src/Http/Server.php(80): Cake\Http\Runner->run(Object(Cake\Http\MiddlewareQueue), Object(Cake\Http\ServerRequest), Object(Cake\Http\Response))
#24 /home/odin/biblioteca/webroot/index.php(37): Cake\Http\Server->run()
#25 {main}


2017-03-30 14:42:29 Warning: DebugKit not enabled. You need to either install pdo_sqlite, or define the "debug_kit" connection name.
2017-03-30 14:42:30 Warning: DebugKit not enabled. You need to either install pdo_sqlite, or define the "debug_kit" connection name.
2017-03-30 14:42:35 Warning: DebugKit not enabled. You need to either install pdo_sqlite, or define the "debug_kit" connection name.
2017-03-30 14:42:44 Warning: DebugKit not enabled. You need to either install pdo_sqlite, or define the "debug_kit" connection name.
2017-03-30 14:42:44 Error: [PDOException] SQLSTATE[23000]: Integrity constraint violation: 1062 Duplicate entry '0' for key 'PRIMARY'
Request URL: /livros/add
Referer URL: http://localhost:8765/livros/add
Stack Trace:
#0 /home/odin/biblioteca/vendor/cakephp/cakephp/src/Database/Statement/MysqlStatement.php(39): PDOStatement->execute(NULL)
#1 /home/odin/biblioteca/vendor/cakephp/cakephp/src/Database/Connection.php(313): Cake\Database\Statement\MysqlStatement->execute()
#2 /home/odin/biblioteca/vendor/cakephp/cakephp/src/Database/Query.php(213): Cake\Database\Connection->run(Object(Cake\ORM\Query))
#3 /home/odin/biblioteca/vendor/cakephp/cakephp/src/ORM/Table.php(1916): Cake\Database\Query->execute()
#4 /home/odin/biblioteca/vendor/cakephp/cakephp/src/ORM/Table.php(1810): Cake\ORM\Table->_insert(Object(App\Model\Entity\Livro), Array)
#5 /home/odin/biblioteca/vendor/cakephp/cakephp/src/ORM/Table.php(1723): Cake\ORM\Table->_processSave(Object(App\Model\Entity\Livro), Object(ArrayObject))
#6 /home/odin/biblioteca/vendor/cakephp/cakephp/src/ORM/Table.php(1446): Cake\ORM\Table->Cake\ORM\{closure}()
#7 /home/odin/biblioteca/vendor/cakephp/cakephp/src/Database/Connection.php(680): Cake\ORM\Table->Cake\ORM\{closure}(Object(Cake\Database\Connection))
#8 /home/odin/biblioteca/vendor/cakephp/cakephp/src/ORM/Table.php(1447): Cake\Database\Connection->transactional(Object(Closure))
#9 /home/odin/biblioteca/vendor/cakephp/cakephp/src/ORM/Table.php(1724): Cake\ORM\Table->_executeTransaction(Object(Closure), true)
#10 /home/odin/biblioteca/src/Controller/LivrosController.php(54): Cake\ORM\Table->save(Object(App\Model\Entity\Livro))
#11 /home/odin/biblioteca/vendor/cakephp/cakephp/src/Controller/Controller.php(440): App\Controller\LivrosController->add()
#12 /home/odin/biblioteca/vendor/cakephp/cakephp/src/Http/ActionDispatcher.php(119): Cake\Controller\Controller->invokeAction()
#13 /home/odin/biblioteca/vendor/cakephp/cakephp/src/Http/ActionDispatcher.php(93): Cake\Http\ActionDispatcher->_invoke(Object(App\Controller\LivrosController))
#14 /home/odin/biblioteca/vendor/cakephp/cakephp/src/Http/BaseApplication.php(78): Cake\Http\ActionDispatcher->dispatch(Object(Cake\Http\ServerRequest), Object(Cake\Http\Response))
#15 /home/odin/biblioteca/vendor/cakephp/cakephp/src/Http/Runner.php(65): Cake\Http\BaseApplication->__invoke(Object(Cake\Http\ServerRequest), Object(Cake\Http\Response), Object(Cake\Http\Runner))
#16 /home/odin/biblioteca/vendor/cakephp/cakephp/src/Routing/Middleware/RoutingMiddleware.php(59): Cake\Http\Runner->__invoke(Object(Cake\Http\ServerRequest), Object(Cake\Http\Response))
#17 /home/odin/biblioteca/vendor/cakephp/cakephp/src/Http/Runner.php(65): Cake\Routing\Middleware\RoutingMiddleware->__invoke(Object(Cake\Http\ServerRequest), Object(Cake\Http\Response), Object(Cake\Http\Runner))
#18 /home/odin/biblioteca/vendor/cakephp/cakephp/src/Routing/Middleware/AssetMiddleware.php(88): Cake\Http\Runner->__invoke(Object(Cake\Http\ServerRequest), Object(Cake\Http\Response))
#19 /home/odin/biblioteca/vendor/cakephp/cakephp/src/Http/Runner.php(65): Cake\Routing\Middleware\AssetMiddleware->__invoke(Object(Cake\Http\ServerRequest), Object(Cake\Http\Response), Object(Cake\Http\Runner))
#20 /home/odin/biblioteca/vendor/cakephp/cakephp/src/Error/Middleware/ErrorHandlerMiddleware.php(92): Cake\Http\Runner->__invoke(Object(Cake\Http\ServerRequest), Object(Cake\Http\Response))
#21 /home/odin/biblioteca/vendor/cakephp/cakephp/src/Http/Runner.php(65): Cake\Error\Middleware\ErrorHandlerMiddleware->__invoke(Object(Cake\Http\ServerRequest), Object(Cake\Http\Response), Object(Cake\Http\Runner))
#22 /home/odin/biblioteca/vendor/cakephp/cakephp/src/Http/Runner.php(51): Cake\Http\Runner->__invoke(Object(Cake\Http\ServerRequest), Object(Cake\Http\Response))
#23 /home/odin/biblioteca/vendor/cakephp/cakephp/src/Http/Server.php(80): Cake\Http\Runner->run(Object(Cake\Http\MiddlewareQueue), Object(Cake\Http\ServerRequest), Object(Cake\Http\Response))
#24 /home/odin/biblioteca/webroot/index.php(37): Cake\Http\Server->run()
#25 {main}


2017-03-30 14:42:59 Warning: DebugKit not enabled. You need to either install pdo_sqlite, or define the "debug_kit" connection name.
2017-03-30 14:43:01 Warning: DebugKit not enabled. You need to either install pdo_sqlite, or define the "debug_kit" connection name.
2017-03-30 14:44:26 Warning: DebugKit not enabled. You need to either install pdo_sqlite, or define the "debug_kit" connection name.
2017-03-30 14:44:28 Warning: DebugKit not enabled. You need to either install pdo_sqlite, or define the "debug_kit" connection name.
2017-03-30 14:44:41 Warning: DebugKit not enabled. You need to either install pdo_sqlite, or define the "debug_kit" connection name.
2017-03-30 14:44:43 Warning: DebugKit not enabled. You need to either install pdo_sqlite, or define the "debug_kit" connection name.
2017-03-30 14:51:23 Warning: DebugKit not enabled. You need to either install pdo_sqlite, or define the "debug_kit" connection name.
2017-03-30 14:51:25 Warning: DebugKit not enabled. You need to either install pdo_sqlite, or define the "debug_kit" connection name.
2017-03-30 14:51:44 Warning: DebugKit not enabled. You need to either install pdo_sqlite, or define the "debug_kit" connection name.
2017-03-30 14:51:44 Warning: DebugKit not enabled. You need to either install pdo_sqlite, or define the "debug_kit" connection name.
2017-03-30 14:51:52 Warning: DebugKit not enabled. You need to either install pdo_sqlite, or define the "debug_kit" connection name.
2017-03-30 14:52:06 Warning: DebugKit not enabled. You need to either install pdo_sqlite, or define the "debug_kit" connection name.
2017-03-30 14:52:06 Error: [PDOException] SQLSTATE[23000]: Integrity constraint violation: 1062 Duplicate entry '0' for key 'PRIMARY'
Request URL: /livros/add
Referer URL: http://localhost:8765/livros/add
Stack Trace:
#0 /home/odin/biblioteca/vendor/cakephp/cakephp/src/Database/Statement/MysqlStatement.php(39): PDOStatement->execute(NULL)
#1 /home/odin/biblioteca/vendor/cakephp/cakephp/src/Database/Connection.php(313): Cake\Database\Statement\MysqlStatement->execute()
#2 /home/odin/biblioteca/vendor/cakephp/cakephp/src/Database/Query.php(213): Cake\Database\Connection->run(Object(Cake\ORM\Query))
#3 /home/odin/biblioteca/vendor/cakephp/cakephp/src/ORM/Table.php(1916): Cake\Database\Query->execute()
#4 /home/odin/biblioteca/vendor/cakephp/cakephp/src/ORM/Table.php(1810): Cake\ORM\Table->_insert(Object(App\Model\Entity\Livro), Array)
#5 /home/odin/biblioteca/vendor/cakephp/cakephp/src/ORM/Table.php(1723): Cake\ORM\Table->_processSave(Object(App\Model\Entity\Livro), Object(ArrayObject))
#6 /home/odin/biblioteca/vendor/cakephp/cakephp/src/ORM/Table.php(1446): Cake\ORM\Table->Cake\ORM\{closure}()
#7 /home/odin/biblioteca/vendor/cakephp/cakephp/src/Database/Connection.php(680): Cake\ORM\Table->Cake\ORM\{closure}(Object(Cake\Database\Connection))
#8 /home/odin/biblioteca/vendor/cakephp/cakephp/src/ORM/Table.php(1447): Cake\Database\Connection->transactional(Object(Closure))
#9 /home/odin/biblioteca/vendor/cakephp/cakephp/src/ORM/Table.php(1724): Cake\ORM\Table->_executeTransaction(Object(Closure), true)
#10 /home/odin/biblioteca/src/Controller/LivrosController.php(54): Cake\ORM\Table->save(Object(App\Model\Entity\Livro))
#11 /home/odin/biblioteca/vendor/cakephp/cakephp/src/Controller/Controller.php(440): App\Controller\LivrosController->add()
#12 /home/odin/biblioteca/vendor/cakephp/cakephp/src/Http/ActionDispatcher.php(119): Cake\Controller\Controller->invokeAction()
#13 /home/odin/biblioteca/vendor/cakephp/cakephp/src/Http/ActionDispatcher.php(93): Cake\Http\ActionDispatcher->_invoke(Object(App\Controller\LivrosController))
#14 /home/odin/biblioteca/vendor/cakephp/cakephp/src/Http/BaseApplication.php(78): Cake\Http\ActionDispatcher->dispatch(Object(Cake\Http\ServerRequest), Object(Cake\Http\Response))
#15 /home/odin/biblioteca/vendor/cakephp/cakephp/src/Http/Runner.php(65): Cake\Http\BaseApplication->__invoke(Object(Cake\Http\ServerRequest), Object(Cake\Http\Response), Object(Cake\Http\Runner))
#16 /home/odin/biblioteca/vendor/cakephp/cakephp/src/Routing/Middleware/RoutingMiddleware.php(59): Cake\Http\Runner->__invoke(Object(Cake\Http\ServerRequest), Object(Cake\Http\Response))
#17 /home/odin/biblioteca/vendor/cakephp/cakephp/src/Http/Runner.php(65): Cake\Routing\Middleware\RoutingMiddleware->__invoke(Object(Cake\Http\ServerRequest), Object(Cake\Http\Response), Object(Cake\Http\Runner))
#18 /home/odin/biblioteca/vendor/cakephp/cakephp/src/Routing/Middleware/AssetMiddleware.php(88): Cake\Http\Runner->__invoke(Object(Cake\Http\ServerRequest), Object(Cake\Http\Response))
#19 /home/odin/biblioteca/vendor/cakephp/cakephp/src/Http/Runner.php(65): Cake\Routing\Middleware\AssetMiddleware->__invoke(Object(Cake\Http\ServerRequest), Object(Cake\Http\Response), Object(Cake\Http\Runner))
#20 /home/odin/biblioteca/vendor/cakephp/cakephp/src/Error/Middleware/ErrorHandlerMiddleware.php(92): Cake\Http\Runner->__invoke(Object(Cake\Http\ServerRequest), Object(Cake\Http\Response))
#21 /home/odin/biblioteca/vendor/cakephp/cakephp/src/Http/Runner.php(65): Cake\Error\Middleware\ErrorHandlerMiddleware->__invoke(Object(Cake\Http\ServerRequest), Object(Cake\Http\Response), Object(Cake\Http\Runner))
#22 /home/odin/biblioteca/vendor/cakephp/cakephp/src/Http/Runner.php(51): Cake\Http\Runner->__invoke(Object(Cake\Http\ServerRequest), Object(Cake\Http\Response))
#23 /home/odin/biblioteca/vendor/cakephp/cakephp/src/Http/Server.php(80): Cake\Http\Runner->run(Object(Cake\Http\MiddlewareQueue), Object(Cake\Http\ServerRequest), Object(Cake\Http\Response))
#24 /home/odin/biblioteca/webroot/index.php(37): Cake\Http\Server->run()
#25 {main}


2017-03-30 14:53:29 Warning: DebugKit not enabled. You need to either install pdo_sqlite, or define the "debug_kit" connection name.
2017-03-30 14:53:41 Warning: DebugKit not enabled. You need to either install pdo_sqlite, or define the "debug_kit" connection name.
2017-03-30 14:53:41 Warning: DebugKit not enabled. You need to either install pdo_sqlite, or define the "debug_kit" connection name.
2017-03-30 14:53:53 Warning: DebugKit not enabled. You need to either install pdo_sqlite, or define the "debug_kit" connection name.
2017-03-30 14:54:01 Warning: DebugKit not enabled. You need to either install pdo_sqlite, or define the "debug_kit" connection name.
2017-03-30 14:54:02 Warning: DebugKit not enabled. You need to either install pdo_sqlite, or define the "debug_kit" connection name.
2017-04-11 14:37:02 Warning: DebugKit not enabled. You need to either install pdo_sqlite, or define the "debug_kit" connection name.
2017-04-11 14:37:09 Warning: DebugKit not enabled. You need to either install pdo_sqlite, or define the "debug_kit" connection name.
2017-04-11 14:37:16 Warning: DebugKit not enabled. You need to either install pdo_sqlite, or define the "debug_kit" connection name.
2017-04-11 14:37:24 Warning: DebugKit not enabled. You need to either install pdo_sqlite, or define the "debug_kit" connection name.
2017-04-11 14:38:11 Warning: DebugKit not enabled. You need to either install pdo_sqlite, or define the "debug_kit" connection name.
2017-04-11 14:38:11 Warning: DebugKit not enabled. You need to either install pdo_sqlite, or define the "debug_kit" connection name.
2017-04-11 14:47:05 Warning: DebugKit not enabled. You need to either install pdo_sqlite, or define the "debug_kit" connection name.
2017-04-11 17:26:09 Warning: DebugKit not enabled. You need to either install pdo_sqlite, or define the "debug_kit" connection name.
2017-04-11 17:26:58 Warning: DebugKit not enabled. You need to either install pdo_sqlite, or define the "debug_kit" connection name.
2017-04-11 17:27:13 Warning: DebugKit not enabled. You need to either install pdo_sqlite, or define the "debug_kit" connection name.
2017-04-11 17:27:15 Warning: DebugKit not enabled. You need to either install pdo_sqlite, or define the "debug_kit" connection name.
2017-04-11 17:28:24 Warning: DebugKit not enabled. You need to either install pdo_sqlite, or define the "debug_kit" connection name.
2017-04-11 17:28:38 Warning: DebugKit not enabled. You need to either install pdo_sqlite, or define the "debug_kit" connection name.
2017-04-11 17:29:04 Warning: DebugKit not enabled. You need to either install pdo_sqlite, or define the "debug_kit" connection name.
2017-04-18 14:52:33 Warning: DebugKit not enabled. You need to either install pdo_sqlite, or define the "debug_kit" connection name.
2017-04-18 14:54:32 Warning: DebugKit not enabled. You need to either install pdo_sqlite, or define the "debug_kit" connection name.
2017-04-18 14:54:32 Error: [PDOException] SQLSTATE[HY000] [1045] Access denied for user 'root'@'localhost' (using password: NO)
Request URL: /livros
Stack Trace:
#0 /home/obd/biblioteca/vendor/cakephp/cakephp/src/Database/Driver/PDODriverTrait.php(47): PDO->__construct('mysql:host=loca...', 'root', '', Array)
#1 /home/obd/biblioteca/vendor/cakephp/cakephp/src/Database/Driver/Mysql.php(104): Cake\Database\Driver\Mysql->_connect('mysql:host=loca...', Array)
#2 /home/obd/biblioteca/vendor/cakephp/cakephp/src/Database/Schema/BaseSchema.php(45): Cake\Database\Driver\Mysql->connect()
#3 /home/obd/biblioteca/vendor/cakephp/cakephp/src/Database/Dialect/MysqlDialectTrait.php(63): Cake\Database\Schema\BaseSchema->__construct(Object(Cake\Database\Driver\Mysql))
#4 /home/obd/biblioteca/vendor/cakephp/cakephp/src/Database/Schema/Collection.php(52): Cake\Database\Driver\Mysql->schemaDialect()
#5 /home/obd/biblioteca/vendor/cakephp/cakephp/src/Database/Schema/CachedCollection.php(42): Cake\Database\Schema\Collection->__construct(Object(Cake\Database\Connection))
#6 /home/obd/biblioteca/vendor/cakephp/cakephp/src/Database/Connection.php(367): Cake\Database\Schema\CachedCollection->__construct(Object(Cake\Database\Connection), true)
#7 /home/obd/biblioteca/vendor/cakephp/cakephp/src/ORM/Table.php(530): Cake\Database\Connection->getSchemaCollection()
#8 /home/obd/biblioteca/vendor/cakephp/cakephp/src/ORM/Query.php(210): Cake\ORM\Table->getSchema()
#9 /home/obd/biblioteca/vendor/cakephp/cakephp/src/ORM/Query.php(167): Cake\ORM\Query->addDefaultTypes(Object(App\Model\Table\LivrosTable))
#10 /home/obd/biblioteca/vendor/cakephp/cakephp/src/ORM/Table.php(1569): Cake\ORM\Query->__construct(Object(Cake\Database\Connection), Object(App\Model\Table\LivrosTable))
#11 /home/obd/biblioteca/vendor/cakephp/cakephp/src/ORM/Table.php(1171): Cake\ORM\Table->query()
#12 /home/obd/biblioteca/vendor/cakephp/cakephp/src/Controller/Component/PaginatorComponent.php(185): Cake\ORM\Table->find('all', Array)
#13 /home/obd/biblioteca/vendor/cakephp/cakephp/src/Controller/Controller.php(717): Cake\Controller\Component\PaginatorComponent->paginate(Object(App\Model\Table\LivrosTable), Array)
#14 /home/obd/biblioteca/src/Controller/LivrosController.php(21): Cake\Controller\Controller->paginate(Object(App\Model\Table\LivrosTable))
#15 /home/obd/biblioteca/vendor/cakephp/cakephp/src/Controller/Controller.php(440): App\Controller\LivrosController->index()
#16 /home/obd/biblioteca/vendor/cakephp/cakephp/src/Http/ActionDispatcher.php(119): Cake\Controller\Controller->invokeAction()
#17 /home/obd/biblioteca/vendor/cakephp/cakephp/src/Http/ActionDispatcher.php(93): Cake\Http\ActionDispatcher->_invoke(Object(App\Controller\LivrosController))
#18 /home/obd/biblioteca/vendor/cakephp/cakephp/src/Http/BaseApplication.php(78): Cake\Http\ActionDispatcher->dispatch(Object(Cake\Http\ServerRequest), Object(Cake\Http\Response))
#19 /home/obd/biblioteca/vendor/cakephp/cakephp/src/Http/Runner.php(65): Cake\Http\BaseApplication->__invoke(Object(Cake\Http\ServerRequest), Object(Cake\Http\Response), Object(Cake\Http\Runner))
#20 /home/obd/biblioteca/vendor/cakephp/cakephp/src/Routing/Middleware/RoutingMiddleware.php(59): Cake\Http\Runner->__invoke(Object(Cake\Http\ServerRequest), Object(Cake\Http\Response))
#21 /home/obd/biblioteca/vendor/cakephp/cakephp/src/Http/Runner.php(65): Cake\Routing\Middleware\RoutingMiddleware->__invoke(Object(Cake\Http\ServerRequest), Object(Cake\Http\Response), Object(Cake\Http\Runner))
#22 /home/obd/biblioteca/vendor/cakephp/cakephp/src/Routing/Middleware/AssetMiddleware.php(88): Cake\Http\Runner->__invoke(Object(Cake\Http\ServerRequest), Object(Cake\Http\Response))
#23 /home/obd/biblioteca/vendor/cakephp/cakephp/src/Http/Runner.php(65): Cake\Routing\Middleware\AssetMiddleware->__invoke(Object(Cake\Http\ServerRequest), Object(Cake\Http\Response), Object(Cake\Http\Runner))
#24 /home/obd/biblioteca/vendor/cakephp/cakephp/src/Error/Middleware/ErrorHandlerMiddleware.php(92): Cake\Http\Runner->__invoke(Object(Cake\Http\ServerRequest), Object(Cake\Http\Response))
#25 /home/obd/biblioteca/vendor/cakephp/cakephp/src/Http/Runner.php(65): Cake\Error\Middleware\ErrorHandlerMiddleware->__invoke(Object(Cake\Http\ServerRequest), Object(Cake\Http\Response), Object(Cake\Http\Runner))
#26 /home/obd/biblioteca/vendor/cakephp/cakephp/src/Http/Runner.php(51): Cake\Http\Runner->__invoke(Object(Cake\Http\ServerRequest), Object(Cake\Http\Response))
#27 /home/obd/biblioteca/vendor/cakephp/cakephp/src/Http/Server.php(80): Cake\Http\Runner->run(Object(Cake\Http\MiddlewareQueue), Object(Cake\Http\ServerRequest), Object(Cake\Http\Response))
#28 /home/obd/biblioteca/webroot/index.php(37): Cake\Http\Server->run()
#29 {main}


2017-04-18 14:54:36 Warning: DebugKit not enabled. You need to either install pdo_sqlite, or define the "debug_kit" connection name.
2017-04-18 14:54:36 Error: [PDOException] SQLSTATE[HY000] [1045] Access denied for user 'root'@'localhost' (using password: NO)
Request URL: /Livros
Stack Trace:
#0 /home/obd/biblioteca/vendor/cakephp/cakephp/src/Database/Driver/PDODriverTrait.php(47): PDO->__construct('mysql:host=loca...', 'root', '', Array)
#1 /home/obd/biblioteca/vendor/cakephp/cakephp/src/Database/Driver/Mysql.php(104): Cake\Database\Driver\Mysql->_connect('mysql:host=loca...', Array)
#2 /home/obd/biblioteca/vendor/cakephp/cakephp/src/Database/Schema/BaseSchema.php(45): Cake\Database\Driver\Mysql->connect()
#3 /home/obd/biblioteca/vendor/cakephp/cakephp/src/Database/Dialect/MysqlDialectTrait.php(63): Cake\Database\Schema\BaseSchema->__construct(Object(Cake\Database\Driver\Mysql))
#4 /home/obd/biblioteca/vendor/cakephp/cakephp/src/Database/Schema/Collection.php(52): Cake\Database\Driver\Mysql->schemaDialect()
#5 /home/obd/biblioteca/vendor/cakephp/cakephp/src/Database/Schema/CachedCollection.php(42): Cake\Database\Schema\Collection->__construct(Object(Cake\Database\Connection))
#6 /home/obd/biblioteca/vendor/cakephp/cakephp/src/Database/Connection.php(367): Cake\Database\Schema\CachedCollection->__construct(Object(Cake\Database\Connection), true)
#7 /home/obd/biblioteca/vendor/cakephp/cakephp/src/ORM/Table.php(530): Cake\Database\Connection->getSchemaCollection()
#8 /home/obd/biblioteca/vendor/cakephp/cakephp/src/ORM/Query.php(210): Cake\ORM\Table->getSchema()
#9 /home/obd/biblioteca/vendor/cakephp/cakephp/src/ORM/Query.php(167): Cake\ORM\Query->addDefaultTypes(Object(App\Model\Table\LivrosTable))
#10 /home/obd/biblioteca/vendor/cakephp/cakephp/src/ORM/Table.php(1569): Cake\ORM\Query->__construct(Object(Cake\Database\Connection), Object(App\Model\Table\LivrosTable))
#11 /home/obd/biblioteca/vendor/cakephp/cakephp/src/ORM/Table.php(1171): Cake\ORM\Table->query()
#12 /home/obd/biblioteca/vendor/cakephp/cakephp/src/Controller/Component/PaginatorComponent.php(185): Cake\ORM\Table->find('all', Array)
#13 /home/obd/biblioteca/vendor/cakephp/cakephp/src/Controller/Controller.php(717): Cake\Controller\Component\PaginatorComponent->paginate(Object(App\Model\Table\LivrosTable), Array)
#14 /home/obd/biblioteca/src/Controller/LivrosController.php(21): Cake\Controller\Controller->paginate(Object(App\Model\Table\LivrosTable))
#15 /home/obd/biblioteca/vendor/cakephp/cakephp/src/Controller/Controller.php(440): App\Controller\LivrosController->index()
#16 /home/obd/biblioteca/vendor/cakephp/cakephp/src/Http/ActionDispatcher.php(119): Cake\Controller\Controller->invokeAction()
#17 /home/obd/biblioteca/vendor/cakephp/cakephp/src/Http/ActionDispatcher.php(93): Cake\Http\ActionDispatcher->_invoke(Object(App\Controller\LivrosController))
#18 /home/obd/biblioteca/vendor/cakephp/cakephp/src/Http/BaseApplication.php(78): Cake\Http\ActionDispatcher->dispatch(Object(Cake\Http\ServerRequest), Object(Cake\Http\Response))
#19 /home/obd/biblioteca/vendor/cakephp/cakephp/src/Http/Runner.php(65): Cake\Http\BaseApplication->__invoke(Object(Cake\Http\ServerRequest), Object(Cake\Http\Response), Object(Cake\Http\Runner))
#20 /home/obd/biblioteca/vendor/cakephp/cakephp/src/Routing/Middleware/RoutingMiddleware.php(59): Cake\Http\Runner->__invoke(Object(Cake\Http\ServerRequest), Object(Cake\Http\Response))
#21 /home/obd/biblioteca/vendor/cakephp/cakephp/src/Http/Runner.php(65): Cake\Routing\Middleware\RoutingMiddleware->__invoke(Object(Cake\Http\ServerRequest), Object(Cake\Http\Response), Object(Cake\Http\Runner))
#22 /home/obd/biblioteca/vendor/cakephp/cakephp/src/Routing/Middleware/AssetMiddleware.php(88): Cake\Http\Runner->__invoke(Object(Cake\Http\ServerRequest), Object(Cake\Http\Response))
#23 /home/obd/biblioteca/vendor/cakephp/cakephp/src/Http/Runner.php(65): Cake\Routing\Middleware\AssetMiddleware->__invoke(Object(Cake\Http\ServerRequest), Object(Cake\Http\Response), Object(Cake\Http\Runner))
#24 /home/obd/biblioteca/vendor/cakephp/cakephp/src/Error/Middleware/ErrorHandlerMiddleware.php(92): Cake\Http\Runner->__invoke(Object(Cake\Http\ServerRequest), Object(Cake\Http\Response))
#25 /home/obd/biblioteca/vendor/cakephp/cakephp/src/Http/Runner.php(65): Cake\Error\Middleware\ErrorHandlerMiddleware->__invoke(Object(Cake\Http\ServerRequest), Object(Cake\Http\Response), Object(Cake\Http\Runner))
#26 /home/obd/biblioteca/vendor/cakephp/cakephp/src/Http/Runner.php(51): Cake\Http\Runner->__invoke(Object(Cake\Http\ServerRequest), Object(Cake\Http\Response))
#27 /home/obd/biblioteca/vendor/cakephp/cakephp/src/Http/Server.php(80): Cake\Http\Runner->run(Object(Cake\Http\MiddlewareQueue), Object(Cake\Http\ServerRequest), Object(Cake\Http\Response))
#28 /home/obd/biblioteca/webroot/index.php(37): Cake\Http\Server->run()
#29 {main}


2017-04-18 14:54:38 Warning: DebugKit not enabled. You need to either install pdo_sqlite, or define the "debug_kit" connection name.
2017-04-18 14:54:38 Error: [PDOException] SQLSTATE[HY000] [1045] Access denied for user 'root'@'localhost' (using password: NO)
Request URL: /Livros
Stack Trace:
#0 /home/obd/biblioteca/vendor/cakephp/cakephp/src/Database/Driver/PDODriverTrait.php(47): PDO->__construct('mysql:host=loca...', 'root', '', Array)
#1 /home/obd/biblioteca/vendor/cakephp/cakephp/src/Database/Driver/Mysql.php(104): Cake\Database\Driver\Mysql->_connect('mysql:host=loca...', Array)
#2 /home/obd/biblioteca/vendor/cakephp/cakephp/src/Database/Schema/BaseSchema.php(45): Cake\Database\Driver\Mysql->connect()
#3 /home/obd/biblioteca/vendor/cakephp/cakephp/src/Database/Dialect/MysqlDialectTrait.php(63): Cake\Database\Schema\BaseSchema->__construct(Object(Cake\Database\Driver\Mysql))
#4 /home/obd/biblioteca/vendor/cakephp/cakephp/src/Database/Schema/Collection.php(52): Cake\Database\Driver\Mysql->schemaDialect()
#5 /home/obd/biblioteca/vendor/cakephp/cakephp/src/Database/Schema/CachedCollection.php(42): Cake\Database\Schema\Collection->__construct(Object(Cake\Database\Connection))
#6 /home/obd/biblioteca/vendor/cakephp/cakephp/src/Database/Connection.php(367): Cake\Database\Schema\CachedCollection->__construct(Object(Cake\Database\Connection), true)
#7 /home/obd/biblioteca/vendor/cakephp/cakephp/src/ORM/Table.php(530): Cake\Database\Connection->getSchemaCollection()
#8 /home/obd/biblioteca/vendor/cakephp/cakephp/src/ORM/Query.php(210): Cake\ORM\Table->getSchema()
#9 /home/obd/biblioteca/vendor/cakephp/cakephp/src/ORM/Query.php(167): Cake\ORM\Query->addDefaultTypes(Object(App\Model\Table\LivrosTable))
#10 /home/obd/biblioteca/vendor/cakephp/cakephp/src/ORM/Table.php(1569): Cake\ORM\Query->__construct(Object(Cake\Database\Connection), Object(App\Model\Table\LivrosTable))
#11 /home/obd/biblioteca/vendor/cakephp/cakephp/src/ORM/Table.php(1171): Cake\ORM\Table->query()
#12 /home/obd/biblioteca/vendor/cakephp/cakephp/src/Controller/Component/PaginatorComponent.php(185): Cake\ORM\Table->find('all', Array)
#13 /home/obd/biblioteca/vendor/cakephp/cakephp/src/Controller/Controller.php(717): Cake\Controller\Component\PaginatorComponent->paginate(Object(App\Model\Table\LivrosTable), Array)
#14 /home/obd/biblioteca/src/Controller/LivrosController.php(21): Cake\Controller\Controller->paginate(Object(App\Model\Table\LivrosTable))
#15 /home/obd/biblioteca/vendor/cakephp/cakephp/src/Controller/Controller.php(440): App\Controller\LivrosController->index()
#16 /home/obd/biblioteca/vendor/cakephp/cakephp/src/Http/ActionDispatcher.php(119): Cake\Controller\Controller->invokeAction()
#17 /home/obd/biblioteca/vendor/cakephp/cakephp/src/Http/ActionDispatcher.php(93): Cake\Http\ActionDispatcher->_invoke(Object(App\Controller\LivrosController))
#18 /home/obd/biblioteca/vendor/cakephp/cakephp/src/Http/BaseApplication.php(78): Cake\Http\ActionDispatcher->dispatch(Object(Cake\Http\ServerRequest), Object(Cake\Http\Response))
#19 /home/obd/biblioteca/vendor/cakephp/cakephp/src/Http/Runner.php(65): Cake\Http\BaseApplication->__invoke(Object(Cake\Http\ServerRequest), Object(Cake\Http\Response), Object(Cake\Http\Runner))
#20 /home/obd/biblioteca/vendor/cakephp/cakephp/src/Routing/Middleware/RoutingMiddleware.php(59): Cake\Http\Runner->__invoke(Object(Cake\Http\ServerRequest), Object(Cake\Http\Response))
#21 /home/obd/biblioteca/vendor/cakephp/cakephp/src/Http/Runner.php(65): Cake\Routing\Middleware\RoutingMiddleware->__invoke(Object(Cake\Http\ServerRequest), Object(Cake\Http\Response), Object(Cake\Http\Runner))
#22 /home/obd/biblioteca/vendor/cakephp/cakephp/src/Routing/Middleware/AssetMiddleware.php(88): Cake\Http\Runner->__invoke(Object(Cake\Http\ServerRequest), Object(Cake\Http\Response))
#23 /home/obd/biblioteca/vendor/cakephp/cakephp/src/Http/Runner.php(65): Cake\Routing\Middleware\AssetMiddleware->__invoke(Object(Cake\Http\ServerRequest), Object(Cake\Http\Response), Object(Cake\Http\Runner))
#24 /home/obd/biblioteca/vendor/cakephp/cakephp/src/Error/Middleware/ErrorHandlerMiddleware.php(92): Cake\Http\Runner->__invoke(Object(Cake\Http\ServerRequest), Object(Cake\Http\Response))
#25 /home/obd/biblioteca/vendor/cakephp/cakephp/src/Http/Runner.php(65): Cake\Error\Middleware\ErrorHandlerMiddleware->__invoke(Object(Cake\Http\ServerRequest), Object(Cake\Http\Response), Object(Cake\Http\Runner))
#26 /home/obd/biblioteca/vendor/cakephp/cakephp/src/Http/Runner.php(51): Cake\Http\Runner->__invoke(Object(Cake\Http\ServerRequest), Object(Cake\Http\Response))
#27 /home/obd/biblioteca/vendor/cakephp/cakephp/src/Http/Server.php(80): Cake\Http\Runner->run(Object(Cake\Http\MiddlewareQueue), Object(Cake\Http\ServerRequest), Object(Cake\Http\Response))
#28 /home/obd/biblioteca/webroot/index.php(37): Cake\Http\Server->run()
#29 {main}


2017-04-18 14:54:49 Warning: DebugKit not enabled. You need to either install pdo_sqlite, or define the "debug_kit" connection name.
2017-04-18 14:54:49 Error: [Cake\Routing\Exception\MissingControllerException] Controller class Add could not be found.
Exception Attributes: array (
  'class' => 'Add',
  'plugin' => false,
  'prefix' => false,
  '_ext' => false,
)
Request URL: /add
Stack Trace:
#0 /home/obd/biblioteca/vendor/cakephp/cakephp/src/Http/ControllerFactory.php(70): Cake\Http\ControllerFactory->missingController(Object(Cake\Http\ServerRequest))
#1 /home/obd/biblioteca/vendor/cakephp/cakephp/src/Http/ActionDispatcher.php(90): Cake\Http\ControllerFactory->create(Object(Cake\Http\ServerRequest), Object(Cake\Http\Response))
#2 /home/obd/biblioteca/vendor/cakephp/cakephp/src/Http/BaseApplication.php(78): Cake\Http\ActionDispatcher->dispatch(Object(Cake\Http\ServerRequest), Object(Cake\Http\Response))
#3 /home/obd/biblioteca/vendor/cakephp/cakephp/src/Http/Runner.php(65): Cake\Http\BaseApplication->__invoke(Object(Cake\Http\ServerRequest), Object(Cake\Http\Response), Object(Cake\Http\Runner))
#4 /home/obd/biblioteca/vendor/cakephp/cakephp/src/Routing/Middleware/RoutingMiddleware.php(59): Cake\Http\Runner->__invoke(Object(Cake\Http\ServerRequest), Object(Cake\Http\Response))
#5 /home/obd/biblioteca/vendor/cakephp/cakephp/src/Http/Runner.php(65): Cake\Routing\Middleware\RoutingMiddleware->__invoke(Object(Cake\Http\ServerRequest), Object(Cake\Http\Response), Object(Cake\Http\Runner))
#6 /home/obd/biblioteca/vendor/cakephp/cakephp/src/Routing/Middleware/AssetMiddleware.php(88): Cake\Http\Runner->__invoke(Object(Cake\Http\ServerRequest), Object(Cake\Http\Response))
#7 /home/obd/biblioteca/vendor/cakephp/cakephp/src/Http/Runner.php(65): Cake\Routing\Middleware\AssetMiddleware->__invoke(Object(Cake\Http\ServerRequest), Object(Cake\Http\Response), Object(Cake\Http\Runner))
#8 /home/obd/biblioteca/vendor/cakephp/cakephp/src/Error/Middleware/ErrorHandlerMiddleware.php(92): Cake\Http\Runner->__invoke(Object(Cake\Http\ServerRequest), Object(Cake\Http\Response))
#9 /home/obd/biblioteca/vendor/cakephp/cakephp/src/Http/Runner.php(65): Cake\Error\Middleware\ErrorHandlerMiddleware->__invoke(Object(Cake\Http\ServerRequest), Object(Cake\Http\Response), Object(Cake\Http\Runner))
#10 /home/obd/biblioteca/vendor/cakephp/cakephp/src/Http/Runner.php(51): Cake\Http\Runner->__invoke(Object(Cake\Http\ServerRequest), Object(Cake\Http\Response))
#11 /home/obd/biblioteca/vendor/cakephp/cakephp/src/Http/Server.php(80): Cake\Http\Runner->run(Object(Cake\Http\MiddlewareQueue), Object(Cake\Http\ServerRequest), Object(Cake\Http\Response))
#12 /home/obd/biblioteca/webroot/index.php(37): Cake\Http\Server->run()
#13 {main}


2017-04-18 14:54:55 Warning: DebugKit not enabled. You need to either install pdo_sqlite, or define the "debug_kit" connection name.
2017-04-18 14:54:55 Error: [Cake\Routing\Exception\MissingControllerException] Controller class Login could not be found.
Exception Attributes: array (
  'class' => 'Login',
  'plugin' => false,
  'prefix' => false,
  '_ext' => false,
)
Request URL: /login
Stack Trace:
#0 /home/obd/biblioteca/vendor/cakephp/cakephp/src/Http/ControllerFactory.php(70): Cake\Http\ControllerFactory->missingController(Object(Cake\Http\ServerRequest))
#1 /home/obd/biblioteca/vendor/cakephp/cakephp/src/Http/ActionDispatcher.php(90): Cake\Http\ControllerFactory->create(Object(Cake\Http\ServerRequest), Object(Cake\Http\Response))
#2 /home/obd/biblioteca/vendor/cakephp/cakephp/src/Http/BaseApplication.php(78): Cake\Http\ActionDispatcher->dispatch(Object(Cake\Http\ServerRequest), Object(Cake\Http\Response))
#3 /home/obd/biblioteca/vendor/cakephp/cakephp/src/Http/Runner.php(65): Cake\Http\BaseApplication->__invoke(Object(Cake\Http\ServerRequest), Object(Cake\Http\Response), Object(Cake\Http\Runner))
#4 /home/obd/biblioteca/vendor/cakephp/cakephp/src/Routing/Middleware/RoutingMiddleware.php(59): Cake\Http\Runner->__invoke(Object(Cake\Http\ServerRequest), Object(Cake\Http\Response))
#5 /home/obd/biblioteca/vendor/cakephp/cakephp/src/Http/Runner.php(65): Cake\Routing\Middleware\RoutingMiddleware->__invoke(Object(Cake\Http\ServerRequest), Object(Cake\Http\Response), Object(Cake\Http\Runner))
#6 /home/obd/biblioteca/vendor/cakephp/cakephp/src/Routing/Middleware/AssetMiddleware.php(88): Cake\Http\Runner->__invoke(Object(Cake\Http\ServerRequest), Object(Cake\Http\Response))
#7 /home/obd/biblioteca/vendor/cakephp/cakephp/src/Http/Runner.php(65): Cake\Routing\Middleware\AssetMiddleware->__invoke(Object(Cake\Http\ServerRequest), Object(Cake\Http\Response), Object(Cake\Http\Runner))
#8 /home/obd/biblioteca/vendor/cakephp/cakephp/src/Error/Middleware/ErrorHandlerMiddleware.php(92): Cake\Http\Runner->__invoke(Object(Cake\Http\ServerRequest), Object(Cake\Http\Response))
#9 /home/obd/biblioteca/vendor/cakephp/cakephp/src/Http/Runner.php(65): Cake\Error\Middleware\ErrorHandlerMiddleware->__invoke(Object(Cake\Http\ServerRequest), Object(Cake\Http\Response), Object(Cake\Http\Runner))
#10 /home/obd/biblioteca/vendor/cakephp/cakephp/src/Http/Runner.php(51): Cake\Http\Runner->__invoke(Object(Cake\Http\ServerRequest), Object(Cake\Http\Response))
#11 /home/obd/biblioteca/vendor/cakephp/cakephp/src/Http/Server.php(80): Cake\Http\Runner->run(Object(Cake\Http\MiddlewareQueue), Object(Cake\Http\ServerRequest), Object(Cake\Http\Response))
#12 /home/obd/biblioteca/webroot/index.php(37): Cake\Http\Server->run()
#13 {main}


2017-04-18 14:55:21 Warning: DebugKit not enabled. You need to either install pdo_sqlite, or define the "debug_kit" connection name.
2017-04-18 14:55:21 Error: [PDOException] SQLSTATE[HY000] [1045] Access denied for user 'root'@'localhost' (using password: NO)
Request URL: /Livros
Stack Trace:
#0 /home/obd/biblioteca/vendor/cakephp/cakephp/src/Database/Driver/PDODriverTrait.php(47): PDO->__construct('mysql:host=loca...', 'root', '', Array)
#1 /home/obd/biblioteca/vendor/cakephp/cakephp/src/Database/Driver/Mysql.php(104): Cake\Database\Driver\Mysql->_connect('mysql:host=loca...', Array)
#2 /home/obd/biblioteca/vendor/cakephp/cakephp/src/Database/Schema/BaseSchema.php(45): Cake\Database\Driver\Mysql->connect()
#3 /home/obd/biblioteca/vendor/cakephp/cakephp/src/Database/Dialect/MysqlDialectTrait.php(63): Cake\Database\Schema\BaseSchema->__construct(Object(Cake\Database\Driver\Mysql))
#4 /home/obd/biblioteca/vendor/cakephp/cakephp/src/Database/Schema/Collection.php(52): Cake\Database\Driver\Mysql->schemaDialect()
#5 /home/obd/biblioteca/vendor/cakephp/cakephp/src/Database/Schema/CachedCollection.php(42): Cake\Database\Schema\Collection->__construct(Object(Cake\Database\Connection))
#6 /home/obd/biblioteca/vendor/cakephp/cakephp/src/Database/Connection.php(367): Cake\Database\Schema\CachedCollection->__construct(Object(Cake\Database\Connection), true)
#7 /home/obd/biblioteca/vendor/cakephp/cakephp/src/ORM/Table.php(530): Cake\Database\Connection->getSchemaCollection()
#8 /home/obd/biblioteca/vendor/cakephp/cakephp/src/ORM/Query.php(210): Cake\ORM\Table->getSchema()
#9 /home/obd/biblioteca/vendor/cakephp/cakephp/src/ORM/Query.php(167): Cake\ORM\Query->addDefaultTypes(Object(App\Model\Table\LivrosTable))
#10 /home/obd/biblioteca/vendor/cakephp/cakephp/src/ORM/Table.php(1569): Cake\ORM\Query->__construct(Object(Cake\Database\Connection), Object(App\Model\Table\LivrosTable))
#11 /home/obd/biblioteca/vendor/cakephp/cakephp/src/ORM/Table.php(1171): Cake\ORM\Table->query()
#12 /home/obd/biblioteca/vendor/cakephp/cakephp/src/Controller/Component/PaginatorComponent.php(185): Cake\ORM\Table->find('all', Array)
#13 /home/obd/biblioteca/vendor/cakephp/cakephp/src/Controller/Controller.php(717): Cake\Controller\Component\PaginatorComponent->paginate(Object(App\Model\Table\LivrosTable), Array)
#14 /home/obd/biblioteca/src/Controller/LivrosController.php(21): Cake\Controller\Controller->paginate(Object(App\Model\Table\LivrosTable))
#15 /home/obd/biblioteca/vendor/cakephp/cakephp/src/Controller/Controller.php(440): App\Controller\LivrosController->index()
#16 /home/obd/biblioteca/vendor/cakephp/cakephp/src/Http/ActionDispatcher.php(119): Cake\Controller\Controller->invokeAction()
#17 /home/obd/biblioteca/vendor/cakephp/cakephp/src/Http/ActionDispatcher.php(93): Cake\Http\ActionDispatcher->_invoke(Object(App\Controller\LivrosController))
#18 /home/obd/biblioteca/vendor/cakephp/cakephp/src/Http/BaseApplication.php(78): Cake\Http\ActionDispatcher->dispatch(Object(Cake\Http\ServerRequest), Object(Cake\Http\Response))
#19 /home/obd/biblioteca/vendor/cakephp/cakephp/src/Http/Runner.php(65): Cake\Http\BaseApplication->__invoke(Object(Cake\Http\ServerRequest), Object(Cake\Http\Response), Object(Cake\Http\Runner))
#20 /home/obd/biblioteca/vendor/cakephp/cakephp/src/Routing/Middleware/RoutingMiddleware.php(59): Cake\Http\Runner->__invoke(Object(Cake\Http\ServerRequest), Object(Cake\Http\Response))
#21 /home/obd/biblioteca/vendor/cakephp/cakephp/src/Http/Runner.php(65): Cake\Routing\Middleware\RoutingMiddleware->__invoke(Object(Cake\Http\ServerRequest), Object(Cake\Http\Response), Object(Cake\Http\Runner))
#22 /home/obd/biblioteca/vendor/cakephp/cakephp/src/Routing/Middleware/AssetMiddleware.php(88): Cake\Http\Runner->__invoke(Object(Cake\Http\ServerRequest), Object(Cake\Http\Response))
#23 /home/obd/biblioteca/vendor/cakephp/cakephp/src/Http/Runner.php(65): Cake\Routing\Middleware\AssetMiddleware->__invoke(Object(Cake\Http\ServerRequest), Object(Cake\Http\Response), Object(Cake\Http\Runner))
#24 /home/obd/biblioteca/vendor/cakephp/cakephp/src/Error/Middleware/ErrorHandlerMiddleware.php(92): Cake\Http\Runner->__invoke(Object(Cake\Http\ServerRequest), Object(Cake\Http\Response))
#25 /home/obd/biblioteca/vendor/cakephp/cakephp/src/Http/Runner.php(65): Cake\Error\Middleware\ErrorHandlerMiddleware->__invoke(Object(Cake\Http\ServerRequest), Object(Cake\Http\Response), Object(Cake\Http\Runner))
#26 /home/obd/biblioteca/vendor/cakephp/cakephp/src/Http/Runner.php(51): Cake\Http\Runner->__invoke(Object(Cake\Http\ServerRequest), Object(Cake\Http\Response))
#27 /home/obd/biblioteca/vendor/cakephp/cakephp/src/Http/Server.php(80): Cake\Http\Runner->run(Object(Cake\Http\MiddlewareQueue), Object(Cake\Http\ServerRequest), Object(Cake\Http\Response))
#28 /home/obd/biblioteca/webroot/index.php(37): Cake\Http\Server->run()
#29 {main}


2017-04-18 14:56:11 Warning: DebugKit not enabled. You need to either install pdo_sqlite, or define the "debug_kit" connection name.
2017-04-18 14:56:11 Error: [PDOException] SQLSTATE[HY000] [1045] Access denied for user 'root'@'localhost' (using password: NO)
Request URL: /livros
Stack Trace:
#0 /home/obd/biblioteca/vendor/cakephp/cakephp/src/Database/Driver/PDODriverTrait.php(47): PDO->__construct('mysql:host=loca...', 'root', '', Array)
#1 /home/obd/biblioteca/vendor/cakephp/cakephp/src/Database/Driver/Mysql.php(104): Cake\Database\Driver\Mysql->_connect('mysql:host=loca...', Array)
#2 /home/obd/biblioteca/vendor/cakephp/cakephp/src/Database/Schema/BaseSchema.php(45): Cake\Database\Driver\Mysql->connect()
#3 /home/obd/biblioteca/vendor/cakephp/cakephp/src/Database/Dialect/MysqlDialectTrait.php(63): Cake\Database\Schema\BaseSchema->__construct(Object(Cake\Database\Driver\Mysql))
#4 /home/obd/biblioteca/vendor/cakephp/cakephp/src/Database/Schema/Collection.php(52): Cake\Database\Driver\Mysql->schemaDialect()
#5 /home/obd/biblioteca/vendor/cakephp/cakephp/src/Database/Schema/CachedCollection.php(42): Cake\Database\Schema\Collection->__construct(Object(Cake\Database\Connection))
#6 /home/obd/biblioteca/vendor/cakephp/cakephp/src/Database/Connection.php(367): Cake\Database\Schema\CachedCollection->__construct(Object(Cake\Database\Connection), true)
#7 /home/obd/biblioteca/vendor/cakephp/cakephp/src/ORM/Table.php(530): Cake\Database\Connection->getSchemaCollection()
#8 /home/obd/biblioteca/vendor/cakephp/cakephp/src/ORM/Query.php(210): Cake\ORM\Table->getSchema()
#9 /home/obd/biblioteca/vendor/cakephp/cakephp/src/ORM/Query.php(167): Cake\ORM\Query->addDefaultTypes(Object(App\Model\Table\LivrosTable))
#10 /home/obd/biblioteca/vendor/cakephp/cakephp/src/ORM/Table.php(1569): Cake\ORM\Query->__construct(Object(Cake\Database\Connection), Object(App\Model\Table\LivrosTable))
#11 /home/obd/biblioteca/vendor/cakephp/cakephp/src/ORM/Table.php(1171): Cake\ORM\Table->query()
#12 /home/obd/biblioteca/vendor/cakephp/cakephp/src/Controller/Component/PaginatorComponent.php(185): Cake\ORM\Table->find('all', Array)
#13 /home/obd/biblioteca/vendor/cakephp/cakephp/src/Controller/Controller.php(717): Cake\Controller\Component\PaginatorComponent->paginate(Object(App\Model\Table\LivrosTable), Array)
#14 /home/obd/biblioteca/src/Controller/LivrosController.php(21): Cake\Controller\Controller->paginate(Object(App\Model\Table\LivrosTable))
#15 /home/obd/biblioteca/vendor/cakephp/cakephp/src/Controller/Controller.php(440): App\Controller\LivrosController->index()
#16 /home/obd/biblioteca/vendor/cakephp/cakephp/src/Http/ActionDispatcher.php(119): Cake\Controller\Controller->invokeAction()
#17 /home/obd/biblioteca/vendor/cakephp/cakephp/src/Http/ActionDispatcher.php(93): Cake\Http\ActionDispatcher->_invoke(Object(App\Controller\LivrosController))
#18 /home/obd/biblioteca/vendor/cakephp/cakephp/src/Http/BaseApplication.php(78): Cake\Http\ActionDispatcher->dispatch(Object(Cake\Http\ServerRequest), Object(Cake\Http\Response))
#19 /home/obd/biblioteca/vendor/cakephp/cakephp/src/Http/Runner.php(65): Cake\Http\BaseApplication->__invoke(Object(Cake\Http\ServerRequest), Object(Cake\Http\Response), Object(Cake\Http\Runner))
#20 /home/obd/biblioteca/vendor/cakephp/cakephp/src/Routing/Middleware/RoutingMiddleware.php(59): Cake\Http\Runner->__invoke(Object(Cake\Http\ServerRequest), Object(Cake\Http\Response))
#21 /home/obd/biblioteca/vendor/cakephp/cakephp/src/Http/Runner.php(65): Cake\Routing\Middleware\RoutingMiddleware->__invoke(Object(Cake\Http\ServerRequest), Object(Cake\Http\Response), Object(Cake\Http\Runner))
#22 /home/obd/biblioteca/vendor/cakephp/cakephp/src/Routing/Middleware/AssetMiddleware.php(88): Cake\Http\Runner->__invoke(Object(Cake\Http\ServerRequest), Object(Cake\Http\Response))
#23 /home/obd/biblioteca/vendor/cakephp/cakephp/src/Http/Runner.php(65): Cake\Routing\Middleware\AssetMiddleware->__invoke(Object(Cake\Http\ServerRequest), Object(Cake\Http\Response), Object(Cake\Http\Runner))
#24 /home/obd/biblioteca/vendor/cakephp/cakephp/src/Error/Middleware/ErrorHandlerMiddleware.php(92): Cake\Http\Runner->__invoke(Object(Cake\Http\ServerRequest), Object(Cake\Http\Response))
#25 /home/obd/biblioteca/vendor/cakephp/cakephp/src/Http/Runner.php(65): Cake\Error\Middleware\ErrorHandlerMiddleware->__invoke(Object(Cake\Http\ServerRequest), Object(Cake\Http\Response), Object(Cake\Http\Runner))
#26 /home/obd/biblioteca/vendor/cakephp/cakephp/src/Http/Runner.php(51): Cake\Http\Runner->__invoke(Object(Cake\Http\ServerRequest), Object(Cake\Http\Response))
#27 /home/obd/biblioteca/vendor/cakephp/cakephp/src/Http/Server.php(80): Cake\Http\Runner->run(Object(Cake\Http\MiddlewareQueue), Object(Cake\Http\ServerRequest), Object(Cake\Http\Response))
#28 /home/obd/biblioteca/webroot/index.php(37): Cake\Http\Server->run()
#29 {main}


2017-04-18 14:57:24 Warning: DebugKit not enabled. You need to either install pdo_sqlite, or define the "debug_kit" connection name.
2017-04-18 15:01:41 Warning: DebugKit not enabled. You need to either install pdo_sqlite, or define the "debug_kit" connection name.
2017-04-18 15:01:44 Warning: DebugKit not enabled. You need to either install pdo_sqlite, or define the "debug_kit" connection name.
2017-04-18 15:03:38 Warning: DebugKit not enabled. You need to either install pdo_sqlite, or define the "debug_kit" connection name.
2017-04-18 15:04:02 Warning: DebugKit not enabled. You need to either install pdo_sqlite, or define the "debug_kit" connection name.
2017-04-18 15:05:20 Warning: DebugKit not enabled. You need to either install pdo_sqlite, or define the "debug_kit" connection name.
2017-04-18 15:06:14 Warning: DebugKit not enabled. You need to either install pdo_sqlite, or define the "debug_kit" connection name.
2017-04-18 15:06:22 Warning: DebugKit not enabled. You need to either install pdo_sqlite, or define the "debug_kit" connection name.
2017-04-18 15:06:22 Error: [Cake\Routing\Exception\MissingControllerException] Controller class Livro could not be found.
Exception Attributes: array (
  'class' => 'Livro',
  'plugin' => false,
  'prefix' => false,
  '_ext' => false,
)
Request URL: /livro
Stack Trace:
#0 /home/obd/biblioteca/vendor/cakephp/cakephp/src/Http/ControllerFactory.php(70): Cake\Http\ControllerFactory->missingController(Object(Cake\Http\ServerRequest))
#1 /home/obd/biblioteca/vendor/cakephp/cakephp/src/Http/ActionDispatcher.php(90): Cake\Http\ControllerFactory->create(Object(Cake\Http\ServerRequest), Object(Cake\Http\Response))
#2 /home/obd/biblioteca/vendor/cakephp/cakephp/src/Http/BaseApplication.php(78): Cake\Http\ActionDispatcher->dispatch(Object(Cake\Http\ServerRequest), Object(Cake\Http\Response))
#3 /home/obd/biblioteca/vendor/cakephp/cakephp/src/Http/Runner.php(65): Cake\Http\BaseApplication->__invoke(Object(Cake\Http\ServerRequest), Object(Cake\Http\Response), Object(Cake\Http\Runner))
#4 /home/obd/biblioteca/vendor/cakephp/cakephp/src/Routing/Middleware/RoutingMiddleware.php(59): Cake\Http\Runner->__invoke(Object(Cake\Http\ServerRequest), Object(Cake\Http\Response))
#5 /home/obd/biblioteca/vendor/cakephp/cakephp/src/Http/Runner.php(65): Cake\Routing\Middleware\RoutingMiddleware->__invoke(Object(Cake\Http\ServerRequest), Object(Cake\Http\Response), Object(Cake\Http\Runner))
#6 /home/obd/biblioteca/vendor/cakephp/cakephp/src/Routing/Middleware/AssetMiddleware.php(88): Cake\Http\Runner->__invoke(Object(Cake\Http\ServerRequest), Object(Cake\Http\Response))
#7 /home/obd/biblioteca/vendor/cakephp/cakephp/src/Http/Runner.php(65): Cake\Routing\Middleware\AssetMiddleware->__invoke(Object(Cake\Http\ServerRequest), Object(Cake\Http\Response), Object(Cake\Http\Runner))
#8 /home/obd/biblioteca/vendor/cakephp/cakephp/src/Error/Middleware/ErrorHandlerMiddleware.php(92): Cake\Http\Runner->__invoke(Object(Cake\Http\ServerRequest), Object(Cake\Http\Response))
#9 /home/obd/biblioteca/vendor/cakephp/cakephp/src/Http/Runner.php(65): Cake\Error\Middleware\ErrorHandlerMiddleware->__invoke(Object(Cake\Http\ServerRequest), Object(Cake\Http\Response), Object(Cake\Http\Runner))
#10 /home/obd/biblioteca/vendor/cakephp/cakephp/src/Http/Runner.php(51): Cake\Http\Runner->__invoke(Object(Cake\Http\ServerRequest), Object(Cake\Http\Response))
#11 /home/obd/biblioteca/vendor/cakephp/cakephp/src/Http/Server.php(80): Cake\Http\Runner->run(Object(Cake\Http\MiddlewareQueue), Object(Cake\Http\ServerRequest), Object(Cake\Http\Response))
#12 /home/obd/biblioteca/webroot/index.php(37): Cake\Http\Server->run()
#13 {main}


2017-04-18 15:06:26 Warning: DebugKit not enabled. You need to either install pdo_sqlite, or define the "debug_kit" connection name.
2017-04-18 15:06:29 Warning: DebugKit not enabled. You need to either install pdo_sqlite, or define the "debug_kit" connection name.
2017-04-18 15:08:13 Warning: DebugKit not enabled. You need to either install pdo_sqlite, or define the "debug_kit" connection name.
2017-04-18 15:10:23 Warning: DebugKit not enabled. You need to either install pdo_sqlite, or define the "debug_kit" connection name.
2017-04-18 15:10:26 Warning: DebugKit not enabled. You need to either install pdo_sqlite, or define the "debug_kit" connection name.
2017-04-18 15:10:29 Warning: DebugKit not enabled. You need to either install pdo_sqlite, or define the "debug_kit" connection name.
2017-04-18 15:16:14 Warning: DebugKit not enabled. You need to either install pdo_sqlite, or define the "debug_kit" connection name.
2017-04-18 15:16:23 Warning: DebugKit not enabled. You need to either install pdo_sqlite, or define the "debug_kit" connection name.
2017-04-18 15:16:41 Warning: DebugKit not enabled. You need to either install pdo_sqlite, or define the "debug_kit" connection name.
2017-04-18 15:16:50 Warning: DebugKit not enabled. You need to either install pdo_sqlite, or define the "debug_kit" connection name.
2017-04-18 15:17:04 Warning: DebugKit not enabled. You need to either install pdo_sqlite, or define the "debug_kit" connection name.
2017-04-18 15:18:25 Warning: DebugKit not enabled. You need to either install pdo_sqlite, or define the "debug_kit" connection name.
2017-04-18 15:18:46 Warning: DebugKit not enabled. You need to either install pdo_sqlite, or define the "debug_kit" connection name.
2017-04-18 15:18:49 Warning: DebugKit not enabled. You need to either install pdo_sqlite, or define the "debug_kit" connection name.
2017-04-18 15:19:13 Warning: DebugKit not enabled. You need to either install pdo_sqlite, or define the "debug_kit" connection name.
2017-04-18 15:30:31 Warning: DebugKit not enabled. You need to either install pdo_sqlite, or define the "debug_kit" connection name.
2017-04-18 15:35:12 Warning: DebugKit not enabled. You need to either install pdo_sqlite, or define the "debug_kit" connection name.
